[debug] [2023-09-22T18:37:41.216Z] ----------------------------------------------------------------------
[debug] [2023-09-22T18:37:41.218Z] Command:       C:\Program Files\nodejs\node.exe C:\Users\amark\AppData\Roaming\npm\node_modules\firebase-tools\lib\bin\firebase.js init
[debug] [2023-09-22T18:37:41.219Z] CLI Version:   12.5.4
[debug] [2023-09-22T18:37:41.219Z] Platform:      win32
[debug] [2023-09-22T18:37:41.219Z] Node Version:  v18.17.1
[debug] [2023-09-22T18:37:41.221Z] Time:          Sat Sep 23 2023 00:07:41 GMT+0530 (India Standard Time)
[debug] [2023-09-22T18:37:41.221Z] ----------------------------------------------------------------------
[debug] 
[debug] [2023-09-22T18:37:41.225Z] >>> [apiv2][query] GET https://firebase-public.firebaseio.com/cli.json [none]
[debug] [2023-09-22T18:37:41.260Z] > command requires scopes: ["email","openid","https://www.googleapis.com/auth/cloudplatformprojects.readonly","https://www.googleapis.com/auth/firebase","https://www.googleapis.com/auth/cloud-platform"]
[debug] [2023-09-22T18:37:41.261Z] > authorizing via signed-in user (aksbg2613@gmail.com)
[info] 
     ######## #### ########  ######## ########     ###     ######  ########
     ##        ##  ##     ## ##       ##     ##  ##   ##  ##       ##
     ######    ##  ########  ######   ########  #########  ######  ######
     ##        ##  ##    ##  ##       ##     ## ##     ##       ## ##
     ##       #### ##     ## ######## ########  ##     ##  ######  ########

You're about to initialize a Firebase project in this directory:

  D:\REACT\expense-tracker

[debug] [2023-09-22T18:37:41.875Z] <<< [apiv2][status] GET https://firebase-public.firebaseio.com/cli.json 200
[debug] [2023-09-22T18:37:41.876Z] <<< [apiv2][body] GET https://firebase-public.firebaseio.com/cli.json {"cloudBuildErrorAfter":1594252800000,"cloudBuildWarnAfter":1590019200000,"defaultNode10After":1594252800000,"minVersion":"3.0.5","node8DeploysDisabledAfter":1613390400000,"node8RuntimeDisabledAfter":1615809600000,"node8WarnAfter":1600128000000}
